TN:
SF:src/controllers/register-vehicle.ts
FN:2,handle
FNF:1
FNH:1
FNDA:2,handle
DA:1,1
DA:2,1
DA:3,2
DA:4,1
DA:5,1
DA:6,1
DA:7,1
DA:8,1
DA:9,1
DA:10,1
DA:11,1
DA:12,1
DA:13,1
DA:14,1
DA:15,2
DA:16,1
LF:16
LH:16
BRDA:2,0,0,2
BRDA:3,1,0,1
BRF:2
BRH:2
end_of_record
TN:
SF:src/models/vehicle-model.ts
FN:2,VehicleModel
FN:7,getName
FN:11,getModel
FN:15,getYear
FNF:4
FNH:4
FNDA:1,VehicleModel
FNDA:1,getName
FNDA:1,getModel
FNDA:1,getYear
DA:1,1
DA:2,1
DA:3,1
DA:4,1
DA:5,1
DA:6,1
DA:7,1
DA:8,1
DA:9,1
DA:10,1
DA:11,1
DA:12,1
DA:13,1
DA:14,1
DA:15,1
DA:16,1
DA:17,1
DA:18,1
LF:18
LH:18
BRDA:2,0,0,1
BRDA:7,1,0,1
BRDA:11,2,0,1
BRDA:15,3,0,1
BRF:4
BRH:4
end_of_record
